#
# There is insufficient memory for the Java Runtime Environment to continue.
# Native memory allocation (malloc) failed to allocate 1048576 bytes for AllocateHeap
# Possible reasons:
#   The system is out of physical RAM or swap space
#   The process is running with CompressedOops enabled, and the Java Heap may be blocking the growth of the native heap
# Possible solutions:
#   Reduce memory load on the system
#   Increase physical memory or swap space
#   Check if swap backing store is full
#   Decrease Java heap size (-Xmx/-Xms)
#   Decrease number of Java threads
#   Decrease Java thread stack sizes (-Xss)
#   Set larger code cache with -XX:ReservedCodeCacheSize=
#   JVM is running with Unscaled Compressed Oops mode in which the Java heap is
#     placed in the first 4GB address space. The Java Heap base address is the
#     maximum limit for the native heap growth. Please use -XX:HeapBaseMinAddress
#     to set the Java Heap base and to place the Java Heap above 4GB virtual address.
# This output file may be truncated or incomplete.
#
#  Out of Memory Error (./open/src/hotspot/share/memory/allocation.cpp:46), pid=9480, tid=18172
#
# JRE version:  (11.0.10+8) (build )
# Java VM: Java HotSpot(TM) 64-Bit Server VM (11.0.10+8-LTS-162, mixed mode, tiered, compressed oops, parallel gc, windows-amd64)
# No core dump will be written. Minidumps are not enabled by default on client versions of Windows
#

---------------  S U M M A R Y ------------

Command Line: --add-modules=ALL-SYSTEM --add-opens=java.base/java.util=ALL-UNNAMED --add-opens=java.base/java.lang=ALL-UNNAMED -Declipse.application=org.eclipse.jdt.ls.core.id1 -Dosgi.bundles.defaultStartLevel=4 -Declipse.product=org.eclipse.jdt.ls.core.product -Dfile.encoding=utf8 -DwatchParentProcess=false -XX:+UseParallelGC -XX:GCTimeRatio=4 -XX:AdaptiveSizePolicyWeight=90 -Dsun.zip.disableMemoryMapping=true -Xmx1G -Xms100m -Xverify:none c:\Users\greqo\.vscode\extensions\redhat.java-1.0.0\server\plugins\org.eclipse.equinox.launcher_1.6.400.v20210924-0641.jar -configuration c:\Users\greqo\AppData\Roaming\Code\User\globalStorage\redhat.java\1.0.0\config_win -data c:\Users\greqo\AppData\Roaming\Code\User\workspaceStorage\1a15faeeccdf51d375dcb4cd1b3f4740\redhat.java\jdt_ws

Host: AMD Ryzen 5 4600H with Radeon Graphics         , 12 cores, 15G,  Windows 10 , 64 bit Build 19041 (10.0.19041.1348)
Time: Tue Jan 11 14:37:10 2022 W. Europe Standard Time elapsed time: 0.024576 seconds (0d 0h 0m 0s)

---------------  T H R E A D  ---------------

Current thread (0x00000171f7438800):  JavaThread "Unknown thread" [_thread_in_vm, id=18172, stack(0x0000002145500000,0x0000002145600000)]

Stack: [0x0000002145500000,0x0000002145600000]
Native frames: (J=compiled Java code, j=interpreted, Vv=VM code, C=native code)
V  [jvm.dll+0x613e6a]
V  [jvm.dll+0x74c1ff]
V  [jvm.dll+0x74d885]
V  [jvm.dll+0x74df03]
V  [jvm.dll+0x243b78]
V  [jvm.dll+0xb0f24]
V  [jvm.dll+0x64aa05]
V  [jvm.dll+0x64b4ce]
V  [jvm.dll+0x62485c]
V  [jvm.dll+0x729f3f]
V  [jvm.dll+0x34c53b]
V  [jvm.dll+0x70d6b0]
V  [jvm.dll+0x3b584f]
V  [jvm.dll+0x3b7951]
C  [jli.dll+0x520b]
C  [ucrtbase.dll+0x21bb2]
C  [KERNEL32.DLL+0x17034]
C  [ntdll.dll+0x52651]


---------------  P R O C E S S  ---------------

Threads class SMR info:
_java_thread_list=0x00000171f51edba0, length=0, elements={
}

Java Threads: ( => current thread )

Other Threads:
  0x00000171f744c800 GCTaskThread "ParGC Thread#0" [stack: 0x0000002145600000,0x0000002145700000] [id=24260]

=>0x00000171f7438800 (exited) JavaThread "Unknown thread" [_thread_in_vm, id=18172, stack(0x0000002145500000,0x0000002145600000)]

Threads with active compile tasks:

VM state:not at safepoint (normal execution)

VM Mutex/Monitor currently owned by a thread: None

Heap address: 0x00000000c0000000, size: 1024 MB, Compressed Oops mode: 32-bit
Narrow klass base: 0x0000000000000000, Narrow klass shift: 3
Compressed class space size: 1073741824 Address: 0x0000000100000000

Heap:
 PSYoungGen      total 29696K, used 512K [0x00000000eab00000, 0x00000000ecc00000, 0x0000000100000000)
  eden space 25600K, 2% used [0x00000000eab00000,0x00000000eab80010,0x00000000ec400000)
  from space 4096K, 0% used [0x00000000ec800000,0x00000000ec800000,0x00000000ecc00000)
  to   space 4096K, 0% used [0x00000000ec400000,0x00000000ec400000,0x00000000ec800000)
 ParOldGen       total 68608K, used 0K [0x00000000c0000000, 0x00000000c4300000, 0x00000000eab00000)
  object space 68608K, 0% used [0x00000000c0000000,0x00000000c0000000,0x00000000c4300000)
 Metaspace       used 1137K, capacity 4480K, committed 4480K, reserved 1056768K
  class space    used 85K, capacity 384K, committed 384K, reserved 1048576K

Card table byte_map: [0x00000171f6e00000,0x00000171f7010000] _byte_map_base: 0x00000171f6800000

Marking Bits: (ParMarkBitMap*) 0x00007ff99e063590
 Begin Bits: [0x000001718f000000, 0x0000017190000000)
 End Bits:   [0x0000017190000000, 0x0000017191000000)

Polling page: 0x00000171f5440000

Metaspace:

Usage:
  Non-class:      4.00 MB capacity,     1.03 MB ( 26%) used,     2.97 MB ( 74%) free+waste,    64 bytes ( <1%) overhead. 
      Class:    384.00 KB capacity,    85.91 KB ( 22%) used,   298.02 KB ( 78%) free+waste,    64 bytes ( <1%) overhead. 
       Both:      4.38 MB capacity,     1.11 MB ( 25%) used,     3.26 MB ( 75%) free+waste,   128 bytes ( <1%) overhead. 

Virtual space:
  Non-class space:        8.00 MB reserved,       4.00 MB ( 50%) committed 
      Class space:        1.00 GB reserved,     384.00 KB ( <1%) committed 
             Both:        1.01 GB reserved,       4.38 MB ( <1%) committed 

Chunk freelists:
   Non-Class:  0 bytes
       Class:  0 bytes
        Both:  0 bytes

CodeHeap 'non-profiled nmethods': size=120000Kb used=0Kb max_used=0Kb free=120000Kb
 bounds [0x0000017187ad0000, 0x0000017187d40000, 0x000001718f000000]
CodeHeap 'profiled nmethods': size=120000Kb used=0Kb max_used=0Kb free=120000Kb
 bounds [0x00000171805a0000, 0x0000017180810000, 0x0000017187ad0000]
CodeHeap 'non-nmethods': size=5760Kb used=208Kb max_used=301Kb free=5551Kb
 bounds [0x0000017180000000, 0x0000017180270000, 0x00000171805a0000]
 total_blobs=67 nmethods=0 adapters=47
 compilation: enabled
              stopped_count=0, restarted_count=0
 full_count=0

Compilation events (0 events):
No events

GC Heap History (0 events):
No events

Deoptimization events (0 events):
No events

Classes redefined (0 events):
No events

Internal exceptions (0 events):
No events

Events (10 events):
Event: 0.021 loading class java/lang/Short
Event: 0.021 loading class java/lang/Short done
Event: 0.021 loading class java/lang/Integer
Event: 0.021 loading class java/lang/Integer done
Event: 0.021 loading class java/lang/Long
Event: 0.021 loading class java/lang/Long done
Event: 0.022 loading class java/lang/NullPointerException
Event: 0.022 loading class java/lang/NullPointerException done
Event: 0.022 loading class java/lang/ArithmeticException
Event: 0.022 loading class java/lang/ArithmeticException done


Dynamic libraries:
0x00007ff7fdf70000 - 0x00007ff7fdf7f000 	C:\Program Files\Java\jdk-11.0.10\bin\java.exe
0x00007ffa2a2b0000 - 0x00007ffa2a4a5000 	C:\Windows\SYSTEM32\ntdll.dll
0x00007ffa284a0000 - 0x00007ffa2855e000 	C:\Windows\System32\KERNEL32.DLL
0x00007ffa27c40000 - 0x00007ffa27f08000 	C:\Windows\System32\KERNELBASE.dll
0x00007ffa249d0000 - 0x00007ffa24a60000 	C:\Windows\SYSTEM32\apphelp.dll
0x00007ffa27f10000 - 0x00007ffa28010000 	C:\Windows\System32\ucrtbase.dll
0x00007ffa09850000 - 0x00007ffa09868000 	C:\Program Files\Java\jdk-11.0.10\bin\jli.dll
0x00007ffa09660000 - 0x00007ffa09675000 	C:\Program Files\Java\jdk-11.0.10\bin\VCRUNTIME140.dll
0x00007ffa28730000 - 0x00007ffa287dc000 	C:\Windows\System32\ADVAPI32.dll
0x00007ffa28560000 - 0x00007ffa285fe000 	C:\Windows\System32\msvcrt.dll
0x00007ffa29a80000 - 0x00007ffa29b1b000 	C:\Windows\System32\sechost.dll
0x00007ffa288c0000 - 0x00007ffa289ea000 	C:\Windows\System32\RPCRT4.dll
0x00007ffa293c0000 - 0x00007ffa29561000 	C:\Windows\System32\USER32.dll
0x00007ffa28070000 - 0x00007ffa28092000 	C:\Windows\System32\win32u.dll
0x00007ffa0fa10000 - 0x00007ffa0fcaa000 	C:\Windows\WinSxS\amd64_microsoft.windows.common-controls_6595b64144ccf1df_6.0.19041.1110_none_60b5254171f9507e\COMCTL32.dll
0x00007ffa28410000 - 0x00007ffa2843b000 	C:\Windows\System32\GDI32.dll
0x00007ffa27b30000 - 0x00007ffa27c3b000 	C:\Windows\System32\gdi32full.dll
0x00007ffa279d0000 - 0x00007ffa27a6d000 	C:\Windows\System32\msvcp_win.dll
0x00007ffa1ec20000 - 0x00007ffa1ec2a000 	C:\Windows\SYSTEM32\VERSION.dll
0x00007ffa290b0000 - 0x00007ffa290e0000 	C:\Windows\System32\IMM32.DLL
0x00007ff9d5d00000 - 0x00007ff9d5d9b000 	C:\Program Files\Java\jdk-11.0.10\bin\msvcp140.dll
0x00007ff99d620000 - 0x00007ff99e11b000 	C:\Program Files\Java\jdk-11.0.10\bin\server\jvm.dll
0x00007ffa29570000 - 0x00007ffa29578000 	C:\Windows\System32\PSAPI.DLL
0x00007ffa23060000 - 0x00007ffa23087000 	C:\Windows\SYSTEM32\WINMM.dll
0x00007ff9f8440000 - 0x00007ff9f8449000 	C:\Windows\SYSTEM32\WSOCK32.dll
0x00007ffa290e0000 - 0x00007ffa2914b000 	C:\Windows\System32\WS2_32.dll
0x00007ffa262a0000 - 0x00007ffa262b2000 	C:\Windows\SYSTEM32\kernel.appcore.dll
0x00007ffa22d30000 - 0x00007ffa22d40000 	C:\Program Files\Java\jdk-11.0.10\bin\verify.dll
0x00007ffa25320000 - 0x00007ffa25504000 	C:\Windows\SYSTEM32\DBGHELP.DLL
0x00007ffa18d10000 - 0x00007ffa18d3c000 	C:\Windows\SYSTEM32\dbgcore.DLL
0x00007ffa27a70000 - 0x00007ffa27af3000 	C:\Windows\System32\bcryptPrimitives.dll
0x00007ffa07da0000 - 0x00007ffa07dc8000 	C:\Program Files\Java\jdk-11.0.10\bin\java.dll
0x00007ffa21d90000 - 0x00007ffa21d9a000 	C:\Program Files\Java\jdk-11.0.10\bin\jimage.dll
0x00007ffa07f20000 - 0x00007ffa07f36000 	C:\Program Files\Java\jdk-11.0.10\bin\zip.dll

dbghelp: loaded successfully - version: 4.0.5 - missing functions: none
symbol engine: initialized successfully - sym options: 0x614 - pdb path: .;C:\Program Files\Java\jdk-11.0.10\bin;C:\Windows\SYSTEM32;C:\Windows\WinSxS\amd64_microsoft.windows.common-controls_6595b64144ccf1df_6.0.19041.1110_none_60b5254171f9507e;C:\Program Files\Java\jdk-11.0.10\bin\server

VM Arguments:
jvm_args: --add-modules=ALL-SYSTEM --add-opens=java.base/java.util=ALL-UNNAMED --add-opens=java.base/java.lang=ALL-UNNAMED -Declipse.application=org.eclipse.jdt.ls.core.id1 -Dosgi.bundles.defaultStartLevel=4 -Declipse.product=org.eclipse.jdt.ls.core.product -Dfile.encoding=utf8 -DwatchParentProcess=false -XX:+UseParallelGC -XX:GCTimeRatio=4 -XX:AdaptiveSizePolicyWeight=90 -Dsun.zip.disableMemoryMapping=true -Xmx1G -Xms100m -Xverify:none 
java_command: c:\Users\greqo\.vscode\extensions\redhat.java-1.0.0\server\plugins\org.eclipse.equinox.launcher_1.6.400.v20210924-0641.jar -configuration c:\Users\greqo\AppData\Roaming\Code\User\globalStorage\redhat.java\1.0.0\config_win -data c:\Users\greqo\AppData\Roaming\Code\User\workspaceStorage\1a15faeeccdf51d375dcb4cd1b3f4740\redhat.java\jdt_ws
java_class_path (initial): c:\Users\greqo\.vscode\extensions\redhat.java-1.0.0\server\plugins\org.eclipse.equinox.launcher_1.6.400.v20210924-0641.jar
Launcher Type: SUN_STANDARD

[Global flags]
    uintx AdaptiveSizePolicyWeight                 = 90                                        {product} {command line}
     bool BytecodeVerificationLocal                = false                                     {product} {command line}
     bool BytecodeVerificationRemote               = false                                     {product} {command line}
     intx CICompilerCount                          = 4                                         {product} {ergonomic}
    uintx GCTimeRatio                              = 4                                         {product} {command line}
   size_t InitialHeapSize                          = 104857600                                 {product} {command line}
   size_t MaxHeapSize                              = 1073741824                                {product} {command line}
   size_t MaxNewSize                               = 357564416                                 {product} {ergonomic}
   size_t MinHeapDeltaBytes                        = 524288                                    {product} {ergonomic}
   size_t NewSize                                  = 34603008                                  {product} {ergonomic}
    uintx NonNMethodCodeHeapSize                   = 5836300                                {pd product} {ergonomic}
    uintx NonProfiledCodeHeapSize                  = 122910970                              {pd product} {ergonomic}
   size_t OldSize                                  = 70254592                                  {product} {ergonomic}
    uintx ProfiledCodeHeapSize                     = 122910970                              {pd product} {ergonomic}
    uintx ReservedCodeCacheSize                    = 251658240                              {pd product} {ergonomic}
     bool SegmentedCodeCache                       = true                                      {product} {ergonomic}
     bool UseCompressedClassPointers               = true                                 {lp64_product} {ergonomic}
     bool UseCompressedOops                        = true                                 {lp64_product} {ergonomic}
     bool UseLargePagesIndividualAllocation        = false                                  {pd product} {ergonomic}
     bool UseParallelGC                            = true                                      {product} {command line}

Logging:
Log output configuration:
 #0: stdout all=warning uptime,level,tags
 #1: stderr all=off uptime,level,tags

Environment Variables:
JAVA_HOME=C:\Program Files\Java\jdk-11.0.10
PATH=C:\Program Files\Common Files\Oracle\Java\javapath;C:\Python39\Scripts\;C:\Python39\;C:\Windows\system32;C:\Windows;C:\Windows\System32\Wbem;C:\Windows\System32\WindowsPowerShell\v1.0\;C:\Windows\System32\OpenSSH\;C:\Program Files\nodejs\;C:\ProgramData\chocolatey\bin;C:\Program Files\Git\cmd;C:\Program Files (x86)\Yarn\bin\;C:\Program Files (x86)\sbt\bin;C:\Program Files\Java\jdk-11.0.10\bin;C:\Users\greqo\AppData\Local\Microsoft\WindowsApps;;C:\Users\greqo\AppData\Local\Programs\Microsoft VS Code\bin;C:\Users\greqo\AppData\Roaming\npm;C:\Users\greqo\AppData\Local\Yarn\bin;C:\Program Files\heroku\bin
USERNAME=greqo
OS=Windows_NT
PROCESSOR_IDENTIFIER=AMD64 Family 23 Model 96 Stepping 1, AuthenticAMD



---------------  S Y S T E M  ---------------

OS: Windows 10 , 64 bit Build 19041 (10.0.19041.1348)

CPU:total 12 (initial active 12) (12 cores per cpu, 2 threads per core) family 23 model 96 stepping 1 microcode 0x0, cmov, cx8, fxsr, mmx, sse, sse2, sse3, ssse3, sse4.1, sse4.2, popcnt, avx, avx2, aes, clmul, mmxext, 3dnowpref, lzcnt, sse4a, ht, tsc, tscinvbit, tscinv, bmi1, bmi2, adx, 

Memory: 4k page, system-wide physical 15741M (6637M free)
TotalPageFile size 18940M (AvailPageFile size 5M)
current process WorkingSet (physical memory assigned to process): 15M, peak: 15M
current process commit charge ("private bytes"): 163M, peak: 164M

vm_info: Java HotSpot(TM) 64-Bit Server VM (11.0.10+8-LTS-162) for windows-amd64 JRE (11.0.10+8-LTS-162), built on Dec  8 2020 16:32:57 by "mach5one" with MS VC++ 15.9 (VS2017)

END.
